生成启动时间为 2018/3/28 22:29:33。
     1>项目“E:\tmp\择善c++学习\windows\lesson08_植物大战僵尸\plantsVSmonster\plantsVSmonster\plantsVSmonster\plantsVSmonster.vcxproj”在节点 2 上(Build 个目标)。
     1>ClCompile:
         C:\Program Files (x86)\Microsoft Visual Studio 12.0\VC\bin\CL.exe /c /Zi /nologo /W3 /WX- /O2 /Oi /Oy- /GL /D WIN32 /D NDEBUG /D _WINDOWS /D _UNICODE /D UNICODE /Gm- /EHsc /MT /GS /Gy /fp:precise /Zc:wchar_t /Zc:forScope /Yc"stdafx.h" /Fp"Release\plantsVSmonster.pch" /Fo"Release\\" /Fd"Release\vc120.pdb" /Gd /TP /analyze- /errorReport:prompt stdafx.cpp
         stdafx.cpp
         C:\Program Files (x86)\Microsoft Visual Studio 12.0\VC\bin\CL.exe /c /Zi /nologo /W3 /WX- /O2 /Oi /Oy- /GL /D WIN32 /D NDEBUG /D _WINDOWS /D _UNICODE /D UNICODE /Gm- /EHsc /MT /GS /Gy /fp:precise /Zc:wchar_t /Zc:forScope /Yu"stdafx.h" /Fp"Release\plantsVSmonster.pch" /Fo"Release\\" /Fd"Release\vc120.pdb" /Gd /TP /analyze- /errorReport:prompt plantsVSmonster.cpp
         plantsVSmonster.cpp
     1>plantsVSmonster.cpp(242): warning C4551: 缺少参数列表的函数调用
     1>plantsVSmonster.cpp(209): warning C4101: “wmId”: 未引用的局部变量
     1>plantsVSmonster.cpp(209): warning C4101: “wmEvent”: 未引用的局部变量
     1>plantsVSmonster.cpp(422): warning C4244: “=”: 从“float”转换到“LONG”，可能丢失数据
       ResourceCompile:
         C:\Program Files (x86)\Windows Kits\8.1\bin\x86\rc.exe /D _UNICODE /D UNICODE /l"0x0409" /nologo /fo"Release\plantsVSmonster.res" plantsVSmonster.rc 
       Link:
         C:\Program Files (x86)\Microsoft Visual Studio 12.0\VC\bin\link.exe /ERRORREPORT:PROMPT /OUT:"E:\tmp\择善c++学习\windows\lesson08_植物大战僵尸\plantsVSmonster\plantsVSmonster\Release\plantsVSmonster.exe" /INCREMENTAL:NO /NOLOGO kernel32.lib user32.lib gdi32.lib winspool.lib comdlg32.lib advapi32.lib shell32.lib ole32.lib oleaut32.lib uuid.lib odbc32.lib odbccp32.lib /MANIFEST /MANIFESTUAC:"level='asInvoker' uiAccess='false'" /manifest:embed /DEBUG /PDB:"E:\tmp\择善c++学习\windows\lesson08_植物大战僵尸\plantsVSmonster\plantsVSmonster\Release\plantsVSmonster.pdb" /SUBSYSTEM:WINDOWS /OPT:REF /OPT:ICF /LTCG /TLBID:1 /DYNAMICBASE /NXCOMPAT /IMPLIB:"E:\tmp\择善c++学习\windows\lesson08_植物大战僵尸\plantsVSmonster\plantsVSmonster\Release\plantsVSmonster.lib" /MACHINE:X86 /SAFESEH Release\plantsVSmonster.res
         Release\plantsVSmonster.obj
         Release\stdafx.obj
         正在生成代码
         已完成代码的生成
         plantsVSmonster.vcxproj -> E:\tmp\择善c++学习\windows\lesson08_植物大战僵尸\plantsVSmonster\plantsVSmonster\Release\plantsVSmonster.exe
     1>已完成生成项目“E:\tmp\择善c++学习\windows\lesson08_植物大战僵尸\plantsVSmonster\plantsVSmonster\plantsVSmonster\plantsVSmonster.vcxproj”(Build 个目标)的操作。

生成成功。

已用时间 00:00:03.38
